<?xml version="1.0" encoding="UTF-8"?>
<!-- Generated by org.testng.reporters.JUnitXMLReporter -->
<testsuite ignored="16" hostname="DESKTOP-AIR39DC" failures="20" tests="27" name="Surefire test" time="15.966" errors="0" timestamp="2024-04-02T12:33:54 PDT">
  <testcase classname="SeleniumProject.automation_exercise.tests.APIPageTests" name="NavigateToAPIPage" time="1.269">
    <failure type="org.openqa.selenium.ElementClickInterceptedException" message="element click intercepted: Element &amp;lt;a href=&amp;quot;/api_list&amp;quot;&amp;gt;...&amp;lt;/a&amp;gt; is not clickable at point (1363, 40). Other element would receive the click: &amp;lt;iframe id=&amp;quot;aswift_5&amp;quot; name=&amp;quot;aswift_5&amp;quot; style=&amp;quot;width: 100vw !important; height: 100vh !important; inset: 0px auto auto 0px !important; position: absolute !important; clear: none !important; display: inline !important; float: none !important; margin: 0px !important; max-height: none !important; max-width: none !important; opacity: 1 !important; overflow: visible !important; padding: 0px !important; vertical-align: baseline !important; visibility: visible !important; z-index: auto !important;&amp;quot; sandbox=&amp;quot;allow-forms allow-popups allow-popups-to-escape-sandbox allow-same-origin allow-scripts allow-top-navigation-by-user-activation&amp;quot; width=&amp;quot;&amp;quot; height=&amp;quot;&amp;quot; frameborder=&amp;quot;0&amp;quot; marginwidth=&amp;quot;0&amp;quot; marginheight=&amp;quot;0&amp;quot; vspace=&amp;quot;0&amp;quot; hspace=&amp;quot;0&amp;quot; allowtransparency=&amp;quot;true&amp;quot; scrolling=&amp;quot;no&amp;quot; src=&amp;quot;https://googleads.g.doubleclick.net/pagead/html/r20240327/r20110914/zrt_lookup.html#RS-0-&amp;amp;amp;adk=1812271808&amp;amp;amp;client=ca-pub-1677597403311019&amp;amp;amp;fa=8&amp;amp;amp;ifi=6&amp;amp;amp;uci=a!6&amp;quot; data-google-container-id=&amp;quot;a!6&amp;quot; tabindex=&amp;quot;0&amp;quot; title=&amp;quot;Advertisement&amp;quot; aria-label=&amp;quot;Advertisement&amp;quot; data-google-query-id=&amp;quot;CL6RwfmipIUDFZX5_QUdQjgMnA&amp;quot; data-load-complete=&amp;quot;true&amp;quot;&amp;gt;&amp;lt;/iframe&amp;gt;
  (Session info: chrome-headless-shell=123.0.6312.86)
Build info: version: &amp;apos;4.15.0&amp;apos;, revision: &amp;apos;1d14b5521b&amp;apos;
System info: os.name: &amp;apos;Windows 11&amp;apos;, os.arch: &amp;apos;amd64&amp;apos;, os.version: &amp;apos;10.0&amp;apos;, java.version: &amp;apos;17.0.7&amp;apos;
Driver info: org.openqa.selenium.chrome.ChromeDriver
Command: [455ab544e6b92e2c89a9e11fa2ca4ece, clickElement {id=f.CE57514D7EC0677356F64DC2A130208A.d.FB7FA05B3F63153959A83E458B8F7FDB.e.21}]
Capabilities {acceptInsecureCerts: false, browserName: chrome-headless-shell, browserVersion: 123.0.6312.86, chrome: {chromedriverVersion: 123.0.6312.86 (9b72c47a0536..., userDataDir: C:\Users\super\AppData\Loca...}, fedcm:accounts: true, goog:chromeOptions: {debuggerAddress: localhost:63766}, networkConnectionEnabled: false, pageLoadStrategy: normal, platformName: windows, proxy: Proxy(), se:cdp: ws://localhost:63766/devtoo..., se:cdpVersion: 123.0.6312.86, setWindowRect: true, strictFileInteractability: false, timeouts: {implicit: 0, pageLoad: 300000, script: 30000}, unhandledPromptBehavior: dismiss and notify, webauthn:extension:credBlob: true, webauthn:extension:largeBlob: true, webauthn:extension:minPinLength: true, webauthn:extension:prf: true, webauthn:virtualAuthenticators: true}
Element: [[ChromeDriver: chrome-headless-shell on windows (455ab544e6b92e2c89a9e11fa2ca4ece)] -&amp;gt; xpath: //ul/li/a[contains(@href,&amp;apos;api&amp;apos;)]]
Session ID: 455ab544e6b92e2c89a9e11fa2ca4ece">
      <![CDATA[org.openqa.selenium.ElementClickInterceptedException: element click intercepted: Element <a href="/api_list">...</a> is not clickable at point (1363, 40). Other element would receive the click: <iframe id="aswift_5" name="aswift_5" style="width: 100vw !important; height: 100vh !important; inset: 0px auto auto 0px !important; position: absolute !important; clear: none !important; display: inline !important; float: none !important; margin: 0px !important; max-height: none !important; max-width: none !important; opacity: 1 !important; overflow: visible !important; padding: 0px !important; vertical-align: baseline !important; visibility: visible !important; z-index: auto !important;" sandbox="allow-forms allow-popups allow-popups-to-escape-sandbox allow-same-origin allow-scripts allow-top-navigation-by-user-activation" width="" height="" frameborder="0" marginwidth="0" marginheight="0" vspace="0" hspace="0" allowtransparency="true" scrolling="no" src="https://googleads.g.doubleclick.net/pagead/html/r20240327/r20110914/zrt_lookup.html#RS-0-&amp;adk=1812271808&amp;client=ca-pub-1677597403311019&amp;fa=8&amp;ifi=6&amp;uci=a!6" data-google-container-id="a!6" tabindex="0" title="Advertisement" aria-label="Advertisement" data-google-query-id="CL6RwfmipIUDFZX5_QUdQjgMnA" data-load-complete="true"></iframe>
  (Session info: chrome-headless-shell=123.0.6312.86)
Build info: version: '4.15.0', revision: '1d14b5521b'
System info: os.name: 'Windows 11', os.arch: 'amd64', os.version: '10.0', java.version: '17.0.7'
Driver info: org.openqa.selenium.chrome.ChromeDriver
Command: [455ab544e6b92e2c89a9e11fa2ca4ece, clickElement {id=f.CE57514D7EC0677356F64DC2A130208A.d.FB7FA05B3F63153959A83E458B8F7FDB.e.21}]
Capabilities {acceptInsecureCerts: false, browserName: chrome-headless-shell, browserVersion: 123.0.6312.86, chrome: {chromedriverVersion: 123.0.6312.86 (9b72c47a0536..., userDataDir: C:\Users\super\AppData\Loca...}, fedcm:accounts: true, goog:chromeOptions: {debuggerAddress: localhost:63766}, networkConnectionEnabled: false, pageLoadStrategy: normal, platformName: windows, proxy: Proxy(), se:cdp: ws://localhost:63766/devtoo..., se:cdpVersion: 123.0.6312.86, setWindowRect: true, strictFileInteractability: false, timeouts: {implicit: 0, pageLoad: 300000, script: 30000}, unhandledPromptBehavior: dismiss and notify, webauthn:extension:credBlob: true, webauthn:extension:largeBlob: true, webauthn:extension:minPinLength: true, webauthn:extension:prf: true, webauthn:virtualAuthenticators: true}
Element: [[ChromeDriver: chrome-headless-shell on windows (455ab544e6b92e2c89a9e11fa2ca4ece)] -> xpath: //ul/li/a[contains(@href,'api')]]
Session ID: 455ab544e6b92e2c89a9e11fa2ca4ece
at org.openqa.selenium.remote.codec.w3c.W3CHttpResponseCodec.createException(W3CHttpResponseCodec.java:200)
at org.openqa.selenium.remote.codec.w3c.W3CHttpResponseCodec.decode(W3CHttpResponseCodec.java:133)
at org.openqa.selenium.remote.codec.w3c.W3CHttpResponseCodec.decode(W3CHttpResponseCodec.java:52)
at org.openqa.selenium.remote.HttpCommandExecutor.execute(HttpCommandExecutor.java:191)
at org.openqa.selenium.remote.service.DriverCommandExecutor.invokeExecute(DriverCommandExecutor.java:200)
at org.openqa.selenium.remote.service.DriverCommandExecutor.execute(DriverCommandExecutor.java:175)
at org.openqa.selenium.remote.RemoteWebDriver.execute(RemoteWebDriver.java:607)
at org.openqa.selenium.remote.RemoteWebElement.execute(RemoteWebElement.java:224)
at org.openqa.selenium.remote.RemoteWebElement.click(RemoteWebElement.java:77)
at org.openqa.selenium.support.pagefactory.internal.LocatingElementHandler.invoke(LocatingElementHandler.java:51)
at jdk.proxy2/jdk.proxy2.$Proxy10.click(Unknown Source)
at pageobjects.PageCommon.goToAPITesting(PageCommon.java:120)
at SeleniumProject.automation_exercise.tests.APIPageTests.NavigateToAPIPage(APIPageTests.java:14)
at java.base/java.util.ArrayList.forEach(ArrayList.java:1511)
... Removed 41 stack frames]]>
    </failure>
  </testcase> <!-- NavigateToAPIPage -->
  <testcase classname="SeleniumProject.automation_exercise.tests.APIPageTests" name="BrowseAPITestCases" time="0.0">
    <skipped/>
  </testcase> <!-- BrowseAPITestCases -->
  <testcase classname="SeleniumProject.automation_exercise.tests.CommonPageTests" name="SubscribeOnCartPage" time="0.0">
    <failure type="java.lang.NullPointerException" message="Cannot invoke &amp;quot;pageobjects.HomePage.goToCart()&amp;quot; because &amp;quot;this.homepage&amp;quot; is null">
      <![CDATA[java.lang.NullPointerException: Cannot invoke "pageobjects.HomePage.goToCart()" because "this.homepage" is null
at SeleniumProject.automation_exercise.tests.CommonPageTests.SubscribeOnCartPage(CommonPageTests.java:28)
at java.base/java.util.ArrayList.forEach(ArrayList.java:1511)
... Removed 32 stack frames]]>
    </failure>
  </testcase> <!-- SubscribeOnCartPage -->
  <testcase classname="SeleniumProject.automation_exercise.tests.CommonPageTests" name="SubscribeOnHomePage" time="0.0">
    <failure type="java.lang.NullPointerException" message="Cannot invoke &amp;quot;pageobjects.HomePage.scrollToFooter()&amp;quot; because &amp;quot;this.homepage&amp;quot; is null">
      <![CDATA[java.lang.NullPointerException: Cannot invoke "pageobjects.HomePage.scrollToFooter()" because "this.homepage" is null
at SeleniumProject.automation_exercise.tests.CommonPageTests.SubscribeOnHomePage(CommonPageTests.java:18)
at java.base/java.util.ArrayList.forEach(ArrayList.java:1511)
... Removed 32 stack frames]]>
    </failure>
  </testcase> <!-- SubscribeOnHomePage -->
  <testcase classname="SeleniumProject.automation_exercise.tests.ContactUsTests" name="FillContactUsForm" time="0.0">
    <failure type="java.lang.NullPointerException" message="Cannot invoke &amp;quot;pageobjects.HomePage.goToContactUs()&amp;quot; because &amp;quot;this.homepage&amp;quot; is null">
      <![CDATA[java.lang.NullPointerException: Cannot invoke "pageobjects.HomePage.goToContactUs()" because "this.homepage" is null
at SeleniumProject.automation_exercise.tests.ContactUsTests.FillContactUsForm(ContactUsTests.java:18)
at java.base/java.util.ArrayList.forEach(ArrayList.java:1511)
... Removed 32 stack frames]]>
    </failure>
  </testcase> <!-- FillContactUsForm -->
  <testcase classname="SeleniumProject.automation_exercise.tests.HomePageTests" name="ScrollUpFromFooter" time="0.001">
    <failure type="java.lang.NullPointerException" message="Cannot invoke &amp;quot;pageobjects.HomePage.scrollToFooter()&amp;quot; because &amp;quot;this.homepage&amp;quot; is null">
      <![CDATA[java.lang.NullPointerException: Cannot invoke "pageobjects.HomePage.scrollToFooter()" because "this.homepage" is null
at SeleniumProject.automation_exercise.tests.HomePageTests.ScrollUpFromFooter(HomePageTests.java:22)
at java.base/java.util.ArrayList.forEach(ArrayList.java:1511)
... Removed 32 stack frames]]>
    </failure>
  </testcase> <!-- ScrollUpFromFooter -->
  <testcase classname="SeleniumProject.automation_exercise.tests.HomePageTests" name="ScrollUpArrowFromFooter" time="0.0">
    <failure type="java.lang.NullPointerException" message="Cannot invoke &amp;quot;pageobjects.HomePage.scrollToFooter()&amp;quot; because &amp;quot;this.homepage&amp;quot; is null">
      <![CDATA[java.lang.NullPointerException: Cannot invoke "pageobjects.HomePage.scrollToFooter()" because "this.homepage" is null
at SeleniumProject.automation_exercise.tests.HomePageTests.ScrollUpArrowFromFooter(HomePageTests.java:12)
at java.base/java.util.ArrayList.forEach(ArrayList.java:1511)
... Removed 32 stack frames]]>
    </failure>
  </testcase> <!-- ScrollUpArrowFromFooter -->
  <testcase classname="SeleniumProject.automation_exercise.tests.LoginTests" name="DeleteExistingUser" time="0.001">
    <failure type="java.lang.NullPointerException" message="Cannot invoke &amp;quot;pageobjects.HomePage.goToSignUp()&amp;quot; because &amp;quot;this.homepage&amp;quot; is null">
      <![CDATA[java.lang.NullPointerException: Cannot invoke "pageobjects.HomePage.goToSignUp()" because "this.homepage" is null
at SeleniumProject.automation_exercise.tests.LoginTests.DeleteExistingUser(LoginTests.java:110)
at java.base/java.util.ArrayList.forEach(ArrayList.java:1511)
... Removed 32 stack frames]]>
    </failure>
  </testcase> <!-- DeleteExistingUser -->
  <testcase classname="SeleniumProject.automation_exercise.tests.LoginTests" name="LoginInvalidUser" time="0.0">
    <failure type="java.lang.NullPointerException" message="Cannot invoke &amp;quot;pageobjects.HomePage.goToSignUp()&amp;quot; because &amp;quot;this.homepage&amp;quot; is null">
      <![CDATA[java.lang.NullPointerException: Cannot invoke "pageobjects.HomePage.goToSignUp()" because "this.homepage" is null
at SeleniumProject.automation_exercise.tests.LoginTests.LoginInvalidUser(LoginTests.java:57)
at java.base/java.util.ArrayList.forEach(ArrayList.java:1511)
... Removed 32 stack frames]]>
    </failure>
  </testcase> <!-- LoginInvalidUser -->
  <testcase classname="SeleniumProject.automation_exercise.tests.LoginTests" name="Logout" time="0.0">
    <failure type="java.lang.NullPointerException" message="Cannot invoke &amp;quot;pageobjects.HomePage.goToSignUp()&amp;quot; because &amp;quot;this.homepage&amp;quot; is null">
      <![CDATA[java.lang.NullPointerException: Cannot invoke "pageobjects.HomePage.goToSignUp()" because "this.homepage" is null
at SeleniumProject.automation_exercise.tests.LoginTests.Logout(LoginTests.java:66)
at java.base/java.util.ArrayList.forEach(ArrayList.java:1511)
... Removed 32 stack frames]]>
    </failure>
  </testcase> <!-- Logout -->
  <testcase classname="SeleniumProject.automation_exercise.tests.LoginTests" name="RegisterExistingUser" time="0.001">
    <failure type="java.lang.NullPointerException" message="Cannot invoke &amp;quot;pageobjects.HomePage.goToSignUp()&amp;quot; because &amp;quot;this.homepage&amp;quot; is null">
      <![CDATA[java.lang.NullPointerException: Cannot invoke "pageobjects.HomePage.goToSignUp()" because "this.homepage" is null
at SeleniumProject.automation_exercise.tests.LoginTests.RegisterExistingUser(LoginTests.java:81)
at java.base/java.util.ArrayList.forEach(ArrayList.java:1511)
... Removed 32 stack frames]]>
    </failure>
  </testcase> <!-- RegisterExistingUser -->
  <testcase classname="SeleniumProject.automation_exercise.tests.LoginTests" name="RegisterThenDeleteUser" time="0.001">
    <failure type="java.lang.NullPointerException" message="Cannot invoke &amp;quot;pageobjects.HomePage.goToSignUp()&amp;quot; because &amp;quot;this.homepage&amp;quot; is null">
      <![CDATA[java.lang.NullPointerException: Cannot invoke "pageobjects.HomePage.goToSignUp()" because "this.homepage" is null
at SeleniumProject.automation_exercise.tests.LoginTests.RegisterThenDeleteUser(LoginTests.java:22)
at java.base/java.util.ArrayList.forEach(ArrayList.java:1511)
... Removed 32 stack frames]]>
    </failure>
  </testcase> <!-- RegisterThenDeleteUser -->
  <testcase classname="SeleniumProject.automation_exercise.tests.LoginTests" name="RegisterUserThenLogout" time="0.0">
    <failure type="java.lang.NullPointerException" message="Cannot invoke &amp;quot;pageobjects.HomePage.goToSignUp()&amp;quot; because &amp;quot;this.homepage&amp;quot; is null">
      <![CDATA[java.lang.NullPointerException: Cannot invoke "pageobjects.HomePage.goToSignUp()" because "this.homepage" is null
at SeleniumProject.automation_exercise.tests.LoginTests.RegisterUserThenLogout(LoginTests.java:93)
at java.base/java.util.ArrayList.forEach(ArrayList.java:1511)
... Removed 32 stack frames]]>
    </failure>
  </testcase> <!-- RegisterUserThenLogout -->
  <testcase classname="SeleniumProject.automation_exercise.tests.LoginTests" name="LoginThenDeleteUser" time="0.0">
    <skipped/>
  </testcase> <!-- LoginThenDeleteUser -->
  <testcase classname="SeleniumProject.automation_exercise.tests.ProductsTests" name="AddRecommendedItem" time="0.0">
    <failure type="java.lang.NullPointerException" message="Cannot invoke &amp;quot;pageobjects.HomePage.scrollToFooter()&amp;quot; because &amp;quot;this.homepage&amp;quot; is null">
      <![CDATA[java.lang.NullPointerException: Cannot invoke "pageobjects.HomePage.scrollToFooter()" because "this.homepage" is null
at SeleniumProject.automation_exercise.tests.ProductsTests.AddRecommendedItem(ProductsTests.java:141)
at java.base/java.util.ArrayList.forEach(ArrayList.java:1511)
... Removed 32 stack frames]]>
    </failure>
  </testcase> <!-- AddRecommendedItem -->
  <testcase classname="SeleniumProject.automation_exercise.tests.ProductsTests" name="CategorizeProductsVerification" time="0.0">
    <failure type="java.lang.NullPointerException" message="Cannot invoke &amp;quot;pageobjects.HomePage.areCategoriesDisplayed()&amp;quot; because &amp;quot;this.homepage&amp;quot; is null">
      <![CDATA[java.lang.NullPointerException: Cannot invoke "pageobjects.HomePage.areCategoriesDisplayed()" because "this.homepage" is null
at SeleniumProject.automation_exercise.tests.ProductsTests.CategorizeProductsVerification(ProductsTests.java:82)
at java.base/java.util.ArrayList.forEach(ArrayList.java:1511)
... Removed 32 stack frames]]>
    </failure>
  </testcase> <!-- CategorizeProductsVerification -->
  <testcase classname="SeleniumProject.automation_exercise.tests.ProductsTests" name="CategorizeProductsVerification" time="0.0">
    <failure type="java.lang.NullPointerException" message="Cannot invoke &amp;quot;pageobjects.HomePage.areCategoriesDisplayed()&amp;quot; because &amp;quot;this.homepage&amp;quot; is null">
      <![CDATA[java.lang.NullPointerException: Cannot invoke "pageobjects.HomePage.areCategoriesDisplayed()" because "this.homepage" is null
at SeleniumProject.automation_exercise.tests.ProductsTests.CategorizeProductsVerification(ProductsTests.java:82)
at java.base/java.util.ArrayList.forEach(ArrayList.java:1511)
... Removed 32 stack frames]]>
    </failure>
  </testcase> <!-- CategorizeProductsVerification -->
  <testcase classname="SeleniumProject.automation_exercise.tests.ProductsTests" name="CategorizeProductsVerification" time="0.0">
    <failure type="java.lang.NullPointerException" message="Cannot invoke &amp;quot;pageobjects.HomePage.areCategoriesDisplayed()&amp;quot; because &amp;quot;this.homepage&amp;quot; is null">
      <![CDATA[java.lang.NullPointerException: Cannot invoke "pageobjects.HomePage.areCategoriesDisplayed()" because "this.homepage" is null
at SeleniumProject.automation_exercise.tests.ProductsTests.CategorizeProductsVerification(ProductsTests.java:82)
at java.base/java.util.ArrayList.forEach(ArrayList.java:1511)
... Removed 32 stack frames]]>
    </failure>
  </testcase> <!-- CategorizeProductsVerification -->
  <testcase classname="SeleniumProject.automation_exercise.tests.ProductsTests" name="RemoveProductsFromCart" time="0.0">
    <failure type="java.lang.NullPointerException" message="Cannot invoke &amp;quot;pageobjects.HomePage.scrollDownABit()&amp;quot; because &amp;quot;this.homepage&amp;quot; is null">
      <![CDATA[java.lang.NullPointerException: Cannot invoke "pageobjects.HomePage.scrollDownABit()" because "this.homepage" is null
at SeleniumProject.automation_exercise.tests.ProductsTests.RemoveProductsFromCart(ProductsTests.java:64)
at java.base/java.util.ArrayList.forEach(ArrayList.java:1511)
... Removed 32 stack frames]]>
    </failure>
  </testcase> <!-- RemoveProductsFromCart -->
  <testcase classname="SeleniumProject.automation_exercise.tests.ProductsTests" name="ViewProductsPage" time="0.0">
    <failure type="java.lang.NullPointerException" message="Cannot invoke &amp;quot;pageobjects.HomePage.goToProducts()&amp;quot; because &amp;quot;this.homepage&amp;quot; is null">
      <![CDATA[java.lang.NullPointerException: Cannot invoke "pageobjects.HomePage.goToProducts()" because "this.homepage" is null
at SeleniumProject.automation_exercise.tests.ProductsTests.ViewProductsPage(ProductsTests.java:25)
at java.base/java.util.ArrayList.forEach(ArrayList.java:1511)
... Removed 32 stack frames]]>
    </failure>
  </testcase> <!-- ViewProductsPage -->
  <testcase classname="SeleniumProject.automation_exercise.tests.ProductsTests" name="SearchForProducts" time="0.0">
    <skipped/>
  </testcase> <!-- SearchForProducts -->
  <testcase classname="SeleniumProject.automation_exercise.tests.ProductsTests" name="SearchProductsThenVerifyCartAfterLogin" time="0.0">
    <skipped/>
  </testcase> <!-- SearchProductsThenVerifyCartAfterLogin -->
  <testcase classname="SeleniumProject.automation_exercise.tests.ProductsTests" name="ViewFirstProduct" time="0.001">
    <skipped/>
  </testcase> <!-- ViewFirstProduct -->
  <testcase classname="SeleniumProject.automation_exercise.tests.ProductsTests" name="writeProductReview" time="0.0">
    <skipped/>
  </testcase> <!-- writeProductReview -->
  <testcase classname="SeleniumProject.automation_exercise.tests.TestCasesTests" name="NavigateToTestCasesPage" time="0.0">
    <failure type="java.lang.NullPointerException" message="Cannot invoke &amp;quot;pageobjects.HomePage.goToTestCases()&amp;quot; because &amp;quot;this.homepage&amp;quot; is null">
      <![CDATA[java.lang.NullPointerException: Cannot invoke "pageobjects.HomePage.goToTestCases()" because "this.homepage" is null
at SeleniumProject.automation_exercise.tests.TestCasesTests.NavigateToTestCasesPage(TestCasesTests.java:15)
at java.base/java.util.ArrayList.forEach(ArrayList.java:1511)
... Removed 32 stack frames]]>
    </failure>
  </testcase> <!-- NavigateToTestCasesPage -->
  <testcase classname="SeleniumProject.automation_exercise.tests.TestCasesTests" name="BrowseTestCases" time="0.0">
    <skipped/>
  </testcase> <!-- BrowseTestCases -->
  <testcase classname="SeleniumProject.automation_exercise.tests.VideoTutorialsTests" name="VerifyYouTubePage" time="0.0">
    <failure type="java.lang.NullPointerException" message="Cannot invoke &amp;quot;pageobjects.HomePage.goToYouTubePage()&amp;quot; because &amp;quot;this.homepage&amp;quot; is null">
      <![CDATA[java.lang.NullPointerException: Cannot invoke "pageobjects.HomePage.goToYouTubePage()" because "this.homepage" is null
at SeleniumProject.automation_exercise.tests.VideoTutorialsTests.VerifyYouTubePage(VideoTutorialsTests.java:16)
at java.base/java.util.ArrayList.forEach(ArrayList.java:1511)
... Removed 32 stack frames]]>
    </failure>
  </testcase> <!-- VerifyYouTubePage -->
  <testcase classname="testcomponents.BaseTest" name="@BeforeTest launchWebSite" time="0.0">
    <ignored/>
  </testcase> <!-- @BeforeTest launchWebSite -->
  <testcase classname="testcomponents.BaseTest" name="@AfterTest tearDown" time="0.0">
    <ignored/>
  </testcase> <!-- @AfterTest tearDown -->
  <testcase classname="testcomponents.BaseTest" name="@BeforeTest launchWebSite" time="0.0">
    <ignored/>
  </testcase> <!-- @BeforeTest launchWebSite -->
  <testcase classname="testcomponents.BaseTest" name="@AfterTest tearDown" time="0.0">
    <ignored/>
  </testcase> <!-- @AfterTest tearDown -->
  <testcase classname="testcomponents.BaseTest" name="@BeforeTest launchWebSite" time="0.0">
    <ignored/>
  </testcase> <!-- @BeforeTest launchWebSite -->
  <testcase classname="testcomponents.BaseTest" name="@AfterTest tearDown" time="0.0">
    <ignored/>
  </testcase> <!-- @AfterTest tearDown -->
  <testcase classname="testcomponents.BaseTest" name="@BeforeTest launchWebSite" time="0.0">
    <ignored/>
  </testcase> <!-- @BeforeTest launchWebSite -->
  <testcase classname="testcomponents.BaseTest" name="@AfterTest tearDown" time="0.0">
    <ignored/>
  </testcase> <!-- @AfterTest tearDown -->
  <testcase classname="testcomponents.BaseTest" name="@BeforeTest launchWebSite" time="0.0">
    <ignored/>
  </testcase> <!-- @BeforeTest launchWebSite -->
  <testcase classname="testcomponents.BaseTest" name="@BeforeTest launchWebSite" time="0.0">
    <ignored/>
  </testcase> <!-- @BeforeTest launchWebSite -->
  <testcase classname="testcomponents.BaseTest" name="@AfterTest tearDown" time="0.0">
    <ignored/>
  </testcase> <!-- @AfterTest tearDown -->
  <testcase classname="testcomponents.BaseTest" name="@BeforeTest launchWebSite" time="0.0">
    <ignored/>
  </testcase> <!-- @BeforeTest launchWebSite -->
  <testcase classname="testcomponents.BaseTest" name="@BeforeTest launchWebSite" time="0.0">
    <ignored/>
  </testcase> <!-- @BeforeTest launchWebSite -->
  <testcase classname="testcomponents.BaseTest" name="@AfterTest tearDown" time="0.0">
    <ignored/>
  </testcase> <!-- @AfterTest tearDown -->
  <testcase classname="testcomponents.BaseTest" name="@AfterTest tearDown" time="0.0">
    <ignored/>
  </testcase> <!-- @AfterTest tearDown -->
  <testcase classname="testcomponents.BaseTest" name="@AfterTest tearDown" time="0.0">
    <ignored/>
  </testcase> <!-- @AfterTest tearDown -->
</testsuite> <!-- Surefire test -->
