<?xml version="1.0" encoding="UTF-8"?>
<!-- Generated by org.testng.reporters.JUnitXMLReporter -->
<testsuite ignored="12" hostname="DESKTOP-AIR39DC" failures="23" tests="31" name="Test" time="55.176" errors="0" timestamp="2024-02-12T10:23:05 PST">
  <testcase classname="SeleniumProject.automation_exercise.tests.ProductsTests" name="ViewProductsPage" time="0.55"/>
  <testcase classname="SeleniumProject.automation_exercise.tests.ProductsTests" name="AddRecommendedItem" time="10.113">
    <failure type="org.openqa.selenium.NoSuchElementException" message="no such element: Unable to locate element: {&amp;quot;method&amp;quot;:&amp;quot;css selector&amp;quot;,&amp;quot;selector&amp;quot;:&amp;quot;.recommended_items&amp;quot;}
  (Session info: chrome=121.0.6167.161)
For documentation on this error, please visit: https://www.selenium.dev/documentation/webdriver/troubleshooting/errors#no-such-element-exception
Build info: version: &amp;apos;4.15.0&amp;apos;, revision: &amp;apos;1d14b5521b&amp;apos;
System info: os.name: &amp;apos;Windows 10&amp;apos;, os.arch: &amp;apos;amd64&amp;apos;, os.version: &amp;apos;10.0&amp;apos;, java.version: &amp;apos;17.0.7&amp;apos;
Driver info: org.openqa.selenium.chrome.ChromeDriver
Command: [863e67caa5f4f383a7026dc761fc6f98, findElement {using=css selector, value=.recommended_items}]
Capabilities {acceptInsecureCerts: false, browserName: chrome, browserVersion: 121.0.6167.161, chrome: {chromedriverVersion: 121.0.6167.85 (3f98d690ad7e..., userDataDir: C:\Users\super\AppData\Loca...}, fedcm:accounts: true, goog:chromeOptions: {debuggerAddress: localhost:54160}, networkConnectionEnabled: false, pageLoadStrategy: normal, platformName: windows, proxy: Proxy(), se:cdp: ws://localhost:54160/devtoo..., se:cdpVersion: 121.0.6167.161, setWindowRect: true, strictFileInteractability: false, timeouts: {implicit: 0, pageLoad: 300000, script: 30000}, unhandledPromptBehavior: dismiss and notify, webauthn:extension:credBlob: true, webauthn:extension:largeBlob: true, webauthn:extension:minPinLength: true, webauthn:extension:prf: true, webauthn:virtualAuthenticators: true}
Session ID: 863e67caa5f4f383a7026dc761fc6f98">
      <![CDATA[org.openqa.selenium.NoSuchElementException: no such element: Unable to locate element: {"method":"css selector","selector":".recommended_items"}
  (Session info: chrome=121.0.6167.161)
For documentation on this error, please visit: https://www.selenium.dev/documentation/webdriver/troubleshooting/errors#no-such-element-exception
Build info: version: '4.15.0', revision: '1d14b5521b'
System info: os.name: 'Windows 10', os.arch: 'amd64', os.version: '10.0', java.version: '17.0.7'
Driver info: org.openqa.selenium.chrome.ChromeDriver
Command: [863e67caa5f4f383a7026dc761fc6f98, findElement {using=css selector, value=.recommended_items}]
Capabilities {acceptInsecureCerts: false, browserName: chrome, browserVersion: 121.0.6167.161, chrome: {chromedriverVersion: 121.0.6167.85 (3f98d690ad7e..., userDataDir: C:\Users\super\AppData\Loca...}, fedcm:accounts: true, goog:chromeOptions: {debuggerAddress: localhost:54160}, networkConnectionEnabled: false, pageLoadStrategy: normal, platformName: windows, proxy: Proxy(), se:cdp: ws://localhost:54160/devtoo..., se:cdpVersion: 121.0.6167.161, setWindowRect: true, strictFileInteractability: false, timeouts: {implicit: 0, pageLoad: 300000, script: 30000}, unhandledPromptBehavior: dismiss and notify, webauthn:extension:credBlob: true, webauthn:extension:largeBlob: true, webauthn:extension:minPinLength: true, webauthn:extension:prf: true, webauthn:virtualAuthenticators: true}
Session ID: 863e67caa5f4f383a7026dc761fc6f98
at org.openqa.selenium.remote.codec.w3c.W3CHttpResponseCodec.createException(W3CHttpResponseCodec.java:200)
at org.openqa.selenium.remote.codec.w3c.W3CHttpResponseCodec.decode(W3CHttpResponseCodec.java:133)
at org.openqa.selenium.remote.codec.w3c.W3CHttpResponseCodec.decode(W3CHttpResponseCodec.java:52)
at org.openqa.selenium.remote.HttpCommandExecutor.execute(HttpCommandExecutor.java:191)
at org.openqa.selenium.remote.service.DriverCommandExecutor.invokeExecute(DriverCommandExecutor.java:200)
at org.openqa.selenium.remote.service.DriverCommandExecutor.execute(DriverCommandExecutor.java:175)
at org.openqa.selenium.remote.RemoteWebDriver.execute(RemoteWebDriver.java:607)
at org.openqa.selenium.remote.ElementLocation$ElementFinder$2.findElement(ElementLocation.java:165)
at org.openqa.selenium.remote.ElementLocation.findElement(ElementLocation.java:59)
at org.openqa.selenium.remote.RemoteWebDriver.findElement(RemoteWebDriver.java:364)
at org.openqa.selenium.remote.RemoteWebDriver.findElement(RemoteWebDriver.java:358)
at org.openqa.selenium.support.pagefactory.DefaultElementLocator.findElement(DefaultElementLocator.java:68)
at org.openqa.selenium.support.pagefactory.internal.LocatingElementHandler.invoke(LocatingElementHandler.java:38)
at jdk.proxy2/jdk.proxy2.$Proxy14.findElement(Unknown Source)
at pageobjects.HomePage.getRecommendedItemsTitle(HomePage.java:201)
at SeleniumProject.automation_exercise.tests.ProductsTests.AddRecommendedItem(ProductsTests.java:162)
at java.base/java.util.ArrayList.forEach(ArrayList.java:1511)
... Removed 32 stack frames]]>
    </failure>
  </testcase> <!-- AddRecommendedItem -->
  <testcase classname="SeleniumProject.automation_exercise.tests.ProductsTests" name="CategorizeProductsVerification" time="0.822"/>
  <testcase classname="SeleniumProject.automation_exercise.tests.ProductsTests" name="CategorizeProductsVerification" time="0.712"/>
  <testcase classname="SeleniumProject.automation_exercise.tests.ProductsTests" name="CategorizeProductsVerification" time="0.716"/>
  <testcase classname="SeleniumProject.automation_exercise.tests.ProductsTests" name="RemoveProductsFromCart" time="2.53"/>
  <testcase classname="SeleniumProject.automation_exercise.tests.ProductsTests" name="SearchForProducts" time="10.042">
    <failure type="org.openqa.selenium.NoSuchElementException" message="no such element: Unable to locate element: {&amp;quot;method&amp;quot;:&amp;quot;css selector&amp;quot;,&amp;quot;selector&amp;quot;:&amp;quot;#search_product&amp;quot;}
  (Session info: chrome=121.0.6167.161)
For documentation on this error, please visit: https://www.selenium.dev/documentation/webdriver/troubleshooting/errors#no-such-element-exception
Build info: version: &amp;apos;4.15.0&amp;apos;, revision: &amp;apos;1d14b5521b&amp;apos;
System info: os.name: &amp;apos;Windows 10&amp;apos;, os.arch: &amp;apos;amd64&amp;apos;, os.version: &amp;apos;10.0&amp;apos;, java.version: &amp;apos;17.0.7&amp;apos;
Driver info: org.openqa.selenium.chrome.ChromeDriver
Command: [863e67caa5f4f383a7026dc761fc6f98, findElement {using=id, value=search_product}]
Capabilities {acceptInsecureCerts: false, browserName: chrome, browserVersion: 121.0.6167.161, chrome: {chromedriverVersion: 121.0.6167.85 (3f98d690ad7e..., userDataDir: C:\Users\super\AppData\Loca...}, fedcm:accounts: true, goog:chromeOptions: {debuggerAddress: localhost:54160}, networkConnectionEnabled: false, pageLoadStrategy: normal, platformName: windows, proxy: Proxy(), se:cdp: ws://localhost:54160/devtoo..., se:cdpVersion: 121.0.6167.161, setWindowRect: true, strictFileInteractability: false, timeouts: {implicit: 0, pageLoad: 300000, script: 30000}, unhandledPromptBehavior: dismiss and notify, webauthn:extension:credBlob: true, webauthn:extension:largeBlob: true, webauthn:extension:minPinLength: true, webauthn:extension:prf: true, webauthn:virtualAuthenticators: true}
Session ID: 863e67caa5f4f383a7026dc761fc6f98">
      <![CDATA[org.openqa.selenium.NoSuchElementException: no such element: Unable to locate element: {"method":"css selector","selector":"#search_product"}
  (Session info: chrome=121.0.6167.161)
For documentation on this error, please visit: https://www.selenium.dev/documentation/webdriver/troubleshooting/errors#no-such-element-exception
Build info: version: '4.15.0', revision: '1d14b5521b'
System info: os.name: 'Windows 10', os.arch: 'amd64', os.version: '10.0', java.version: '17.0.7'
Driver info: org.openqa.selenium.chrome.ChromeDriver
Command: [863e67caa5f4f383a7026dc761fc6f98, findElement {using=id, value=search_product}]
Capabilities {acceptInsecureCerts: false, browserName: chrome, browserVersion: 121.0.6167.161, chrome: {chromedriverVersion: 121.0.6167.85 (3f98d690ad7e..., userDataDir: C:\Users\super\AppData\Loca...}, fedcm:accounts: true, goog:chromeOptions: {debuggerAddress: localhost:54160}, networkConnectionEnabled: false, pageLoadStrategy: normal, platformName: windows, proxy: Proxy(), se:cdp: ws://localhost:54160/devtoo..., se:cdpVersion: 121.0.6167.161, setWindowRect: true, strictFileInteractability: false, timeouts: {implicit: 0, pageLoad: 300000, script: 30000}, unhandledPromptBehavior: dismiss and notify, webauthn:extension:credBlob: true, webauthn:extension:largeBlob: true, webauthn:extension:minPinLength: true, webauthn:extension:prf: true, webauthn:virtualAuthenticators: true}
Session ID: 863e67caa5f4f383a7026dc761fc6f98
at org.openqa.selenium.remote.codec.w3c.W3CHttpResponseCodec.createException(W3CHttpResponseCodec.java:200)
at org.openqa.selenium.remote.codec.w3c.W3CHttpResponseCodec.decode(W3CHttpResponseCodec.java:133)
at org.openqa.selenium.remote.codec.w3c.W3CHttpResponseCodec.decode(W3CHttpResponseCodec.java:52)
at org.openqa.selenium.remote.HttpCommandExecutor.execute(HttpCommandExecutor.java:191)
at org.openqa.selenium.remote.service.DriverCommandExecutor.invokeExecute(DriverCommandExecutor.java:200)
at org.openqa.selenium.remote.service.DriverCommandExecutor.execute(DriverCommandExecutor.java:175)
at org.openqa.selenium.remote.RemoteWebDriver.execute(RemoteWebDriver.java:607)
at org.openqa.selenium.remote.ElementLocation$ElementFinder$2.findElement(ElementLocation.java:165)
at org.openqa.selenium.remote.ElementLocation.findElement(ElementLocation.java:66)
at org.openqa.selenium.remote.RemoteWebDriver.findElement(RemoteWebDriver.java:364)
at org.openqa.selenium.remote.RemoteWebDriver.findElement(RemoteWebDriver.java:358)
at org.openqa.selenium.support.pagefactory.DefaultElementLocator.findElement(DefaultElementLocator.java:68)
at org.openqa.selenium.support.pagefactory.internal.LocatingElementHandler.invoke(LocatingElementHandler.java:38)
at jdk.proxy2/jdk.proxy2.$Proxy14.sendKeys(Unknown Source)
at pageobjects.ProductsPage.searchProduct(ProductsPage.java:207)
at SeleniumProject.automation_exercise.tests.ProductsTests.SearchForProducts(ProductsTests.java:46)
at java.base/java.util.ArrayList.forEach(ArrayList.java:1511)
... Removed 32 stack frames]]>
    </failure>
  </testcase> <!-- SearchForProducts -->
  <testcase classname="SeleniumProject.automation_exercise.tests.ProductsTests" name="ViewFirstProduct" time="10.067">
    <failure type="java.lang.IndexOutOfBoundsException" message="Index 0 out of bounds for length 0">
      <![CDATA[java.lang.IndexOutOfBoundsException: Index 0 out of bounds for length 0
at java.base/jdk.internal.util.Preconditions.outOfBounds(Preconditions.java:64)
at java.base/jdk.internal.util.Preconditions.outOfBoundsCheckIndex(Preconditions.java:70)
at java.base/jdk.internal.util.Preconditions.checkIndex(Preconditions.java:266)
at java.base/java.util.Objects.checkIndex(Objects.java:361)
at java.base/java.util.ArrayList.get(ArrayList.java:427)
at org.openqa.selenium.support.pagefactory.internal.LocatingElementListHandler.invoke(LocatingElementListHandler.java:39)
at jdk.proxy2/jdk.proxy2.$Proxy13.get(Unknown Source)
at pageobjects.ProductsPage.viewProductByIndex(ProductsPage.java:200)
at SeleniumProject.automation_exercise.tests.ProductsTests.ViewFirstProduct(ProductsTests.java:34)
at java.base/java.util.ArrayList.forEach(ArrayList.java:1511)
... Removed 31 stack frames]]>
    </failure>
  </testcase> <!-- ViewFirstProduct -->
  <testcase classname="SeleniumProject.automation_exercise.tests.ProductsTests" name="writeProductReview" time="10.046">
    <failure type="java.lang.IndexOutOfBoundsException" message="Index 0 out of bounds for length 0">
      <![CDATA[java.lang.IndexOutOfBoundsException: Index 0 out of bounds for length 0
at java.base/jdk.internal.util.Preconditions.outOfBounds(Preconditions.java:64)
at java.base/jdk.internal.util.Preconditions.outOfBoundsCheckIndex(Preconditions.java:70)
at java.base/jdk.internal.util.Preconditions.checkIndex(Preconditions.java:266)
at java.base/java.util.Objects.checkIndex(Objects.java:361)
at java.base/java.util.ArrayList.get(ArrayList.java:427)
at org.openqa.selenium.support.pagefactory.internal.LocatingElementListHandler.invoke(LocatingElementListHandler.java:39)
at jdk.proxy2/jdk.proxy2.$Proxy13.get(Unknown Source)
at pageobjects.ProductsPage.viewProductByIndex(ProductsPage.java:200)
at SeleniumProject.automation_exercise.tests.ProductsTests.writeProductReview(ProductsTests.java:144)
at java.base/java.util.ArrayList.forEach(ArrayList.java:1511)
... Removed 31 stack frames]]>
    </failure>
  </testcase> <!-- writeProductReview -->
  <testcase classname="SeleniumProject.automation_exercise.tests.ProductsTests" name="SearchProductsThenVerifyCartAfterLogin" time="0.0">
    <skipped/>
  </testcase> <!-- SearchProductsThenVerifyCartAfterLogin -->
  <testcase classname="SeleniumProject.automation_exercise.tests.LoginTests" name="DeleteExistingUser" time="0.0">
    <failure type="java.lang.NullPointerException" message="Cannot invoke &amp;quot;pageobjects.HomePage.goToSignUp()&amp;quot; because &amp;quot;this.homepage&amp;quot; is null">
      <![CDATA[java.lang.NullPointerException: Cannot invoke "pageobjects.HomePage.goToSignUp()" because "this.homepage" is null
at SeleniumProject.automation_exercise.tests.LoginTests.DeleteExistingUser(LoginTests.java:123)
at java.base/java.util.ArrayList.forEach(ArrayList.java:1511)
... Removed 27 stack frames]]>
    </failure>
  </testcase> <!-- DeleteExistingUser -->
  <testcase classname="SeleniumProject.automation_exercise.tests.LoginTests" name="LoginInvalidUser" time="0.001">
    <failure type="java.lang.NullPointerException" message="Cannot invoke &amp;quot;pageobjects.HomePage.goToSignUp()&amp;quot; because &amp;quot;this.homepage&amp;quot; is null">
      <![CDATA[java.lang.NullPointerException: Cannot invoke "pageobjects.HomePage.goToSignUp()" because "this.homepage" is null
at SeleniumProject.automation_exercise.tests.LoginTests.LoginInvalidUser(LoginTests.java:62)
at java.base/java.util.ArrayList.forEach(ArrayList.java:1511)
... Removed 27 stack frames]]>
    </failure>
  </testcase> <!-- LoginInvalidUser -->
  <testcase classname="SeleniumProject.automation_exercise.tests.LoginTests" name="Logout" time="0.001">
    <failure type="java.lang.NullPointerException" message="Cannot invoke &amp;quot;pageobjects.HomePage.goToSignUp()&amp;quot; because &amp;quot;this.homepage&amp;quot; is null">
      <![CDATA[java.lang.NullPointerException: Cannot invoke "pageobjects.HomePage.goToSignUp()" because "this.homepage" is null
at SeleniumProject.automation_exercise.tests.LoginTests.Logout(LoginTests.java:72)
at java.base/java.util.ArrayList.forEach(ArrayList.java:1511)
... Removed 27 stack frames]]>
    </failure>
  </testcase> <!-- Logout -->
  <testcase classname="SeleniumProject.automation_exercise.tests.LoginTests" name="RegisterExistingUser" time="0.001">
    <failure type="java.lang.NullPointerException" message="Cannot invoke &amp;quot;pageobjects.HomePage.goToSignUp()&amp;quot; because &amp;quot;this.homepage&amp;quot; is null">
      <![CDATA[java.lang.NullPointerException: Cannot invoke "pageobjects.HomePage.goToSignUp()" because "this.homepage" is null
at SeleniumProject.automation_exercise.tests.LoginTests.RegisterExistingUser(LoginTests.java:89)
at java.base/java.util.ArrayList.forEach(ArrayList.java:1511)
... Removed 27 stack frames]]>
    </failure>
  </testcase> <!-- RegisterExistingUser -->
  <testcase classname="SeleniumProject.automation_exercise.tests.LoginTests" name="RegisterThenDeleteUser" time="0.0">
    <failure type="java.lang.NullPointerException" message="Cannot invoke &amp;quot;pageobjects.HomePage.goToSignUp()&amp;quot; because &amp;quot;this.homepage&amp;quot; is null">
      <![CDATA[java.lang.NullPointerException: Cannot invoke "pageobjects.HomePage.goToSignUp()" because "this.homepage" is null
at SeleniumProject.automation_exercise.tests.LoginTests.RegisterThenDeleteUser(LoginTests.java:23)
at java.base/java.util.ArrayList.forEach(ArrayList.java:1511)
... Removed 27 stack frames]]>
    </failure>
  </testcase> <!-- RegisterThenDeleteUser -->
  <testcase classname="SeleniumProject.automation_exercise.tests.LoginTests" name="RegisterUserThenLogout" time="0.0">
    <failure type="java.lang.NullPointerException" message="Cannot invoke &amp;quot;pageobjects.HomePage.goToSignUp()&amp;quot; because &amp;quot;this.homepage&amp;quot; is null">
      <![CDATA[java.lang.NullPointerException: Cannot invoke "pageobjects.HomePage.goToSignUp()" because "this.homepage" is null
at SeleniumProject.automation_exercise.tests.LoginTests.RegisterUserThenLogout(LoginTests.java:102)
at java.base/java.util.ArrayList.forEach(ArrayList.java:1511)
... Removed 27 stack frames]]>
    </failure>
  </testcase> <!-- RegisterUserThenLogout -->
  <testcase classname="SeleniumProject.automation_exercise.tests.LoginTests" name="LoginThenDeleteUser" time="0.0">
    <skipped/>
  </testcase> <!-- LoginThenDeleteUser -->
  <testcase classname="SeleniumProject.automation_exercise.tests.OrderPurchaseValidation" name="AddProductsToCart" time="0.001">
    <failure type="java.lang.NullPointerException" message="Cannot invoke &amp;quot;pageobjects.HomePage.goToProducts()&amp;quot; because &amp;quot;this.homepage&amp;quot; is null">
      <![CDATA[java.lang.NullPointerException: Cannot invoke "pageobjects.HomePage.goToProducts()" because "this.homepage" is null
at SeleniumProject.automation_exercise.tests.OrderPurchaseValidation.AddProductsToCart(OrderPurchaseValidation.java:36)
at java.base/java.util.ArrayList.forEach(ArrayList.java:1511)
... Removed 27 stack frames]]>
    </failure>
  </testcase> <!-- AddProductsToCart -->
  <testcase classname="SeleniumProject.automation_exercise.tests.OrderPurchaseValidation" name="CartItemQuantityValidation" time="0.0">
    <failure type="java.lang.NullPointerException" message="Cannot invoke &amp;quot;pageobjects.HomePage.goToProducts()&amp;quot; because &amp;quot;this.homepage&amp;quot; is null">
      <![CDATA[java.lang.NullPointerException: Cannot invoke "pageobjects.HomePage.goToProducts()" because "this.homepage" is null
at SeleniumProject.automation_exercise.tests.OrderPurchaseValidation.CartItemQuantityValidation(OrderPurchaseValidation.java:68)
at java.base/java.util.ArrayList.forEach(ArrayList.java:1511)
... Removed 27 stack frames]]>
    </failure>
  </testcase> <!-- CartItemQuantityValidation -->
  <testcase classname="SeleniumProject.automation_exercise.tests.OrderPurchaseValidation" name="CheckoutAddressVerification" time="0.001">
    <failure type="java.lang.NullPointerException" message="Cannot invoke &amp;quot;pageobjects.HomePage.goToSignUp()&amp;quot; because &amp;quot;this.homepage&amp;quot; is null">
      <![CDATA[java.lang.NullPointerException: Cannot invoke "pageobjects.HomePage.goToSignUp()" because "this.homepage" is null
at SeleniumProject.automation_exercise.tests.OrderPurchaseValidation.CheckoutAddressVerification(OrderPurchaseValidation.java:239)
at java.base/java.util.ArrayList.forEach(ArrayList.java:1511)
... Removed 27 stack frames]]>
    </failure>
  </testcase> <!-- CheckoutAddressVerification -->
  <testcase classname="SeleniumProject.automation_exercise.tests.OrderPurchaseValidation" name="DownloadInvoiceAfterPurchase" time="0.0">
    <failure type="java.lang.NullPointerException" message="Cannot invoke &amp;quot;pageobjects.HomePage.addToCartByIndex(int)&amp;quot; because &amp;quot;this.homepage&amp;quot; is null">
      <![CDATA[java.lang.NullPointerException: Cannot invoke "pageobjects.HomePage.addToCartByIndex(int)" because "this.homepage" is null
at SeleniumProject.automation_exercise.tests.OrderPurchaseValidation.DownloadInvoiceAfterPurchase(OrderPurchaseValidation.java:270)
at java.base/java.util.ArrayList.forEach(ArrayList.java:1511)
... Removed 27 stack frames]]>
    </failure>
  </testcase> <!-- DownloadInvoiceAfterPurchase -->
  <testcase classname="SeleniumProject.automation_exercise.tests.OrderPurchaseValidation" name="LoginBeforeCheckout" time="0.001">
    <failure type="java.lang.NullPointerException" message="Cannot invoke &amp;quot;pageobjects.HomePage.goToSignUp()&amp;quot; because &amp;quot;this.homepage&amp;quot; is null">
      <![CDATA[java.lang.NullPointerException: Cannot invoke "pageobjects.HomePage.goToSignUp()" because "this.homepage" is null
at SeleniumProject.automation_exercise.tests.OrderPurchaseValidation.LoginBeforeCheckout(OrderPurchaseValidation.java:204)
at java.base/java.util.ArrayList.forEach(ArrayList.java:1511)
... Removed 27 stack frames]]>
    </failure>
  </testcase> <!-- LoginBeforeCheckout -->
  <testcase classname="SeleniumProject.automation_exercise.tests.OrderPurchaseValidation" name="PlaceOrderRegisterAtCheckout" time="0.0">
    <failure type="java.lang.NullPointerException" message="Cannot invoke &amp;quot;pageobjects.HomePage.scrollDownABit()&amp;quot; because &amp;quot;this.homepage&amp;quot; is null">
      <![CDATA[java.lang.NullPointerException: Cannot invoke "pageobjects.HomePage.scrollDownABit()" because "this.homepage" is null
at SeleniumProject.automation_exercise.tests.OrderPurchaseValidation.PlaceOrderRegisterAtCheckout(OrderPurchaseValidation.java:87)
at java.base/java.util.ArrayList.forEach(ArrayList.java:1511)
... Removed 27 stack frames]]>
    </failure>
  </testcase> <!-- PlaceOrderRegisterAtCheckout -->
  <testcase classname="SeleniumProject.automation_exercise.tests.OrderPurchaseValidation" name="PlaceOrderRegisterBeforeCheckout" time="0.001">
    <failure type="java.lang.NullPointerException" message="Cannot invoke &amp;quot;pageobjects.HomePage.goToSignUp()&amp;quot; because &amp;quot;this.homepage&amp;quot; is null">
      <![CDATA[java.lang.NullPointerException: Cannot invoke "pageobjects.HomePage.goToSignUp()" because "this.homepage" is null
at SeleniumProject.automation_exercise.tests.OrderPurchaseValidation.PlaceOrderRegisterBeforeCheckout(OrderPurchaseValidation.java:149)
at java.base/java.util.ArrayList.forEach(ArrayList.java:1511)
... Removed 27 stack frames]]>
    </failure>
  </testcase> <!-- PlaceOrderRegisterBeforeCheckout -->
  <testcase classname="SeleniumProject.automation_exercise.tests.TestCasesTests" name="NavigateToPage" time="0.0">
    <failure type="java.lang.NullPointerException" message="Cannot invoke &amp;quot;pageobjects.HomePage.goToTestCases()&amp;quot; because &amp;quot;this.homepage&amp;quot; is null">
      <![CDATA[java.lang.NullPointerException: Cannot invoke "pageobjects.HomePage.goToTestCases()" because "this.homepage" is null
at SeleniumProject.automation_exercise.tests.TestCasesTests.NavigateToPage(TestCasesTests.java:16)
at java.base/java.util.ArrayList.forEach(ArrayList.java:1511)
... Removed 27 stack frames]]>
    </failure>
  </testcase> <!-- NavigateToPage -->
  <testcase classname="SeleniumProject.automation_exercise.tests.TestCasesTests" name="BrowseTestCases" time="0.0">
    <skipped/>
  </testcase> <!-- BrowseTestCases -->
  <testcase classname="SeleniumProject.automation_exercise.tests.ContactUsTests" name="FillContactUsForm" time="0.001">
    <failure type="java.lang.NullPointerException" message="Cannot invoke &amp;quot;pageobjects.HomePage.goToContactUs()&amp;quot; because &amp;quot;this.homepage&amp;quot; is null">
      <![CDATA[java.lang.NullPointerException: Cannot invoke "pageobjects.HomePage.goToContactUs()" because "this.homepage" is null
at SeleniumProject.automation_exercise.tests.ContactUsTests.FillContactUsForm(ContactUsTests.java:19)
at java.base/java.util.ArrayList.forEach(ArrayList.java:1511)
... Removed 27 stack frames]]>
    </failure>
  </testcase> <!-- FillContactUsForm -->
  <testcase classname="SeleniumProject.automation_exercise.tests.CommonPageTests" name="SubscribeOnCartPage" time="0.0">
    <failure type="java.lang.NullPointerException" message="Cannot invoke &amp;quot;pageobjects.HomePage.goToCart()&amp;quot; because &amp;quot;this.homepage&amp;quot; is null">
      <![CDATA[java.lang.NullPointerException: Cannot invoke "pageobjects.HomePage.goToCart()" because "this.homepage" is null
at SeleniumProject.automation_exercise.tests.CommonPageTests.SubscribeOnCartPage(CommonPageTests.java:30)
at java.base/java.util.ArrayList.forEach(ArrayList.java:1511)
... Removed 27 stack frames]]>
    </failure>
  </testcase> <!-- SubscribeOnCartPage -->
  <testcase classname="SeleniumProject.automation_exercise.tests.CommonPageTests" name="SubscribeOnHomePage" time="0.001">
    <failure type="java.lang.NullPointerException" message="Cannot invoke &amp;quot;pageobjects.HomePage.scrollToFooter()&amp;quot; because &amp;quot;this.homepage&amp;quot; is null">
      <![CDATA[java.lang.NullPointerException: Cannot invoke "pageobjects.HomePage.scrollToFooter()" because "this.homepage" is null
at SeleniumProject.automation_exercise.tests.CommonPageTests.SubscribeOnHomePage(CommonPageTests.java:19)
at java.base/java.util.ArrayList.forEach(ArrayList.java:1511)
... Removed 27 stack frames]]>
    </failure>
  </testcase> <!-- SubscribeOnHomePage -->
  <testcase classname="SeleniumProject.automation_exercise.tests.HomePageTests" name="ScrollUpArrowFromFooter" time="0.0">
    <failure type="java.lang.NullPointerException" message="Cannot invoke &amp;quot;pageobjects.HomePage.scrollToFooter()&amp;quot; because &amp;quot;this.homepage&amp;quot; is null">
      <![CDATA[java.lang.NullPointerException: Cannot invoke "pageobjects.HomePage.scrollToFooter()" because "this.homepage" is null
at SeleniumProject.automation_exercise.tests.HomePageTests.ScrollUpArrowFromFooter(HomePageTests.java:13)
at java.base/java.util.ArrayList.forEach(ArrayList.java:1511)
... Removed 27 stack frames]]>
    </failure>
  </testcase> <!-- ScrollUpArrowFromFooter -->
  <testcase classname="SeleniumProject.automation_exercise.tests.HomePageTests" name="ScrollUpFromFooter" time="0.001">
    <failure type="java.lang.NullPointerException" message="Cannot invoke &amp;quot;pageobjects.HomePage.scrollToFooter()&amp;quot; because &amp;quot;this.homepage&amp;quot; is null">
      <![CDATA[java.lang.NullPointerException: Cannot invoke "pageobjects.HomePage.scrollToFooter()" because "this.homepage" is null
at SeleniumProject.automation_exercise.tests.HomePageTests.ScrollUpFromFooter(HomePageTests.java:23)
at java.base/java.util.ArrayList.forEach(ArrayList.java:1511)
... Removed 27 stack frames]]>
    </failure>
  </testcase> <!-- ScrollUpFromFooter -->
  <testcase classname="testcomponents.BaseTest" name="@BeforeTest launchWebSite" time="0.0">
    <ignored/>
  </testcase> <!-- @BeforeTest launchWebSite -->
  <testcase classname="testcomponents.BaseTest" name="@BeforeTest launchWebSite" time="0.0">
    <ignored/>
  </testcase> <!-- @BeforeTest launchWebSite -->
  <testcase classname="testcomponents.BaseTest" name="@AfterTest tearDown" time="0.0">
    <ignored/>
  </testcase> <!-- @AfterTest tearDown -->
  <testcase classname="testcomponents.BaseTest" name="@AfterTest tearDown" time="0.0">
    <ignored/>
  </testcase> <!-- @AfterTest tearDown -->
  <testcase classname="testcomponents.BaseTest" name="@BeforeTest launchWebSite" time="0.0">
    <ignored/>
  </testcase> <!-- @BeforeTest launchWebSite -->
  <testcase classname="testcomponents.BaseTest" name="@BeforeTest launchWebSite" time="0.0">
    <ignored/>
  </testcase> <!-- @BeforeTest launchWebSite -->
  <testcase classname="testcomponents.BaseTest" name="@BeforeTest launchWebSite" time="0.0">
    <ignored/>
  </testcase> <!-- @BeforeTest launchWebSite -->
  <testcase classname="testcomponents.BaseTest" name="@AfterTest tearDown" time="0.0">
    <ignored/>
  </testcase> <!-- @AfterTest tearDown -->
  <testcase classname="testcomponents.BaseTest" name="@BeforeTest launchWebSite" time="0.0">
    <ignored/>
  </testcase> <!-- @BeforeTest launchWebSite -->
  <testcase classname="testcomponents.BaseTest" name="@AfterTest tearDown" time="0.0">
    <ignored/>
  </testcase> <!-- @AfterTest tearDown -->
  <testcase classname="testcomponents.BaseTest" name="@AfterTest tearDown" time="0.0">
    <ignored/>
  </testcase> <!-- @AfterTest tearDown -->
  <testcase classname="testcomponents.BaseTest" name="@AfterTest tearDown" time="0.0">
    <ignored/>
  </testcase> <!-- @AfterTest tearDown -->
</testsuite> <!-- Test -->
